<?xml version="1.0" encoding="UTF-8"?>
<testng-results ignored="0" total="2" passed="2" failed="0" skipped="0">
  <reporter-output>
  </reporter-output>
  <suite started-at="2024-10-02T15:37:37 IST" name="Default suite" finished-at="2024-10-02T15:37:46 IST" duration-ms="9466">
    <groups>
    </groups>
    <test started-at="2024-10-02T15:37:37 IST" name="Default test" finished-at="2024-10-02T15:37:46 IST" duration-ms="9466">
      <class name="testCase.TC001_AccountRegistration">
        <test-method is-config="true" signature="setup()[pri:0, instance:testCase.TC001_AccountRegistration@530712d]" started-at="2024-10-02T15:37:37 IST" name="setup" finished-at="2024-10-02T15:37:42 IST" duration-ms="4589" status="PASS">
          <reporter-output>
          </reporter-output>
        </test-method> <!-- setup -->
        <test-method signature="verify_Account_Reg()[pri:0, instance:testCase.TC001_AccountRegistration@530712d]" started-at="2024-10-02T15:37:42 IST" name="verify_Account_Reg" finished-at="2024-10-02T15:37:45 IST" duration-ms="3177" status="PASS">
          <reporter-output>
          </reporter-output>
        </test-method> <!-- verify_Account_Reg -->
        <test-method signature="verify_login()[pri:0, instance:testCase.TC001_AccountRegistration@530712d]" started-at="2024-10-02T15:37:45 IST" name="verify_login" finished-at="2024-10-02T15:37:46 IST" duration-ms="1255" status="PASS">
          <reporter-output>
          </reporter-output>
        </test-method> <!-- verify_login -->
        <test-method is-config="true" signature="tearDown()[pri:0, instance:testCase.TC001_AccountRegistration@530712d]" started-at="2024-10-02T15:37:46 IST" name="tearDown" finished-at="2024-10-02T15:37:46 IST" duration-ms="378" status="PASS">
          <reporter-output>
          </reporter-output>
        </test-method> <!-- tearDown -->
      </class> <!-- testCase.TC001_AccountRegistration -->
    </test> <!-- Default test -->
  </suite> <!-- Default suite -->
</testng-results>
